[debug] [2024-02-16T05:05:27.277Z] ----------------------------------------------------------------------
[debug] [2024-02-16T05:05:27.279Z] Command:       C:\Program Files\nodejs\node.exe C:\Users\ASUS\AppData\Roaming\npm\node_modules\firebase-tools\lib\bin\firebase.js init
[debug] [2024-02-16T05:05:27.279Z] CLI Version:   13.0.3
[debug] [2024-02-16T05:05:27.279Z] Platform:      win32
[debug] [2024-02-16T05:05:27.279Z] Node Version:  v18.16.1
[debug] [2024-02-16T05:05:27.280Z] Time:          Fri Feb 16 2024 10:35:27 GMT+0530 (India Standard Time)
[debug] [2024-02-16T05:05:27.280Z] ----------------------------------------------------------------------
[debug] 
[debug] [2024-02-16T05:05:27.325Z] > command requires scopes: ["email","openid","https://www.googleapis.com/auth/cloudplatformprojects.readonly","https://www.googleapis.com/auth/firebase","https://www.googleapis.com/auth/cloud-platform"]
[debug] [2024-02-16T05:05:27.325Z] > authorizing via signed-in user (pankusiwach000@gmail.com)
[info] 
     ######## #### ########  ######## ########     ###     ######  ########
     ##        ##  ##     ## ##       ##     ##  ##   ##  ##       ##
     ######    ##  ########  ######   ########  #########  ######  ######
     ##        ##  ##    ##  ##       ##     ## ##     ##       ## ##
     ##       #### ##     ## ######## ########  ##     ##  ######  ########

You're about to initialize a Firebase project in this directory:

  C:\Users\ASUS\OneDrive\Desktop\nextai

Before we get started, keep in mind:

  * You are initializing within an existing Firebase project directory

[info] 
=== Project Setup
[info] 
[info] First, let's associate this project directory with a Firebase project.
[info] You can create multiple project aliases by running firebase use --add, 
[info] but for now we'll just set up a default project.
[info] 
[debug] [2024-02-16T05:05:39.803Z] Using project from CLI flag: nexai3000
[debug] [2024-02-16T05:05:39.804Z] >>> [apiv2][query] GET https://firebase.googleapis.com/v1beta1/projects/nexai3000 [none]
[debug] [2024-02-16T05:05:41.135Z] <<< [apiv2][status] GET https://firebase.googleapis.com/v1beta1/projects/nexai3000 200
[debug] [2024-02-16T05:05:41.136Z] <<< [apiv2][body] GET https://firebase.googleapis.com/v1beta1/projects/nexai3000 {"projectId":"nexai3000","projectNumber":"530606749356","displayName":"Nexai3000","name":"projects/nexai3000","resources":{"hostingSite":"nexai3000"},"state":"ACTIVE","etag":"1_2f187526-92d7-4ccc-baa1-8331ab67d05f"}
[info] i  Using project nexai3000 (Nexai3000) 
[info] 
=== Hosting Setup
[debug] [2024-02-16T05:05:41.151Z] >>> [apiv2][query] GET https://firebase.googleapis.com/v1beta1/projects/nexai3000 [none]
[debug] [2024-02-16T05:05:41.971Z] <<< [apiv2][status] GET https://firebase.googleapis.com/v1beta1/projects/nexai3000 200
[debug] [2024-02-16T05:05:41.972Z] <<< [apiv2][body] GET https://firebase.googleapis.com/v1beta1/projects/nexai3000 {"projectId":"nexai3000","projectNumber":"530606749356","displayName":"Nexai3000","name":"projects/nexai3000","resources":{"hostingSite":"nexai3000"},"state":"ACTIVE","etag":"1_2f187526-92d7-4ccc-baa1-8331ab67d05f"}
[info] 
[info] Your public directory is the folder (relative to your project directory) that
[info] will contain Hosting assets to be uploaded with firebase deploy. If you
[info] have a build process for your assets, use your build's output directory.
[info] 
